<?xml version="1.0" encoding="UTF-8"?>
<testsuite name="ManagerTests" tests="6" skipped="0" failures="0" errors="0" timestamp="2021-11-28T15:31:06" hostname="DESKTOP-R19QGBS" time="3.07">
  <properties/>
  <testcase name="companiesWithConditionTest" classname="ManagerTests" time="1.083"/>
  <testcase name="companyWithoutProductsInPeriodTest" classname="ManagerTests" time="0.414"/>
  <testcase name="companiesProductsInPeriodTest" classname="ManagerTests" time="0.289"/>
  <testcase name="productByDaysTest" classname="ManagerTests" time="0.43"/>
  <testcase name="topCompaniesTest" classname="ManagerTests" time="0.418"/>
  <testcase name="avgPriceForPeriodTest" classname="ManagerTests" time="0.436"/>
  <system-out><![CDATA[]]></system-out>
  <system-err><![CDATA[нояб. 28, 2021 6:31:06 PM org.flywaydb.core.internal.license.VersionPrinter printVersionOnly
INFO: Flyway Community Edition 6.1.4 by Redgate
нояб. 28, 2021 6:31:06 PM org.flywaydb.core.internal.database.DatabaseFactory createDatabase
INFO: Database: jdbc:postgresql://127.0.0.1:5432/local_db (PostgreSQL 12.8)
нояб. 28, 2021 6:31:06 PM org.flywaydb.core.internal.command.DbClean cleanSchema
INFO: Successfully cleaned schema "public" (execution time 00:00.053s)
нояб. 28, 2021 6:31:06 PM org.flywaydb.core.internal.command.DbValidate validate
INFO: Successfully validated 2 migrations (execution time 00:00.018s)
нояб. 28, 2021 6:31:06 PM org.flywaydb.core.internal.schemahistory.JdbcTableSchemaHistory create
INFO: Creating Schema History table "public"."flyway_schema_history" ...
нояб. 28, 2021 6:31:06 PM org.flywaydb.core.internal.command.DbMigrate migrateGroup
INFO: Current version of schema "public": << Empty Schema >>
нояб. 28, 2021 6:31:06 PM org.flywaydb.core.internal.command.DbMigrate doMigrateGroup
INFO: Migrating schema "public" to version 2021.11.07.12.10 - CreateDB Schema
нояб. 28, 2021 6:31:06 PM org.flywaydb.core.internal.command.DbMigrate doMigrateGroup
INFO: Migrating schema "public" to version 2021.11.22.21.00 - FillDB
нояб. 28, 2021 6:31:06 PM org.flywaydb.core.internal.command.DbMigrate logSummary
INFO: Successfully applied 2 migrations to schema "public" (execution time 00:00.064s)
нояб. 28, 2021 6:31:06 PM org.jooq.tools.JooqLogger info
INFO: 
                                      
@@@@@@@@@@@@@@@@@@@@@@@@@@@@@@@@@@@@@@
@@@@@@@@@@@@@@@@@@@@@@@@@@@@@@@@@@@@@@
@@@@@@@@@@@@@@@@  @@        @@@@@@@@@@
@@@@@@@@@@@@@@@@@@@@        @@@@@@@@@@
@@@@@@@@@@@@@@@@  @@  @@    @@@@@@@@@@
@@@@@@@@@@  @@@@  @@  @@    @@@@@@@@@@
@@@@@@@@@@        @@        @@@@@@@@@@
@@@@@@@@@@@@@@@@@@@@@@@@@@@@@@@@@@@@@@
@@@@@@@@@@@@@@@@@@@@@@@@@@@@@@@@@@@@@@
@@@@@@@@@@        @@        @@@@@@@@@@
@@@@@@@@@@    @@  @@  @@@@  @@@@@@@@@@
@@@@@@@@@@    @@  @@  @@@@  @@@@@@@@@@
@@@@@@@@@@        @@  @  @  @@@@@@@@@@
@@@@@@@@@@        @@        @@@@@@@@@@
@@@@@@@@@@@@@@@@@@@@@@@  @@@@@@@@@@@@@
@@@@@@@@@@@@@@@@@@@@@@@@@@@@@@@@@@@@@@
@@@@@@@@@@@@@@@@@@@@@@@@@@@@@@@@@@@@@@  Thank you for using jOOQ 3.15.4
                                      
нояб. 28, 2021 6:31:06 PM org.jooq.tools.JooqLogger info
INFO: 

jOOQ tip of the day: Don't want tips? Use the -Dorg.jooq.no-tips=true system property

нояб. 28, 2021 6:31:07 PM org.flywaydb.core.internal.database.DatabaseFactory createDatabase
INFO: Database: jdbc:postgresql://127.0.0.1:5432/local_db (PostgreSQL 12.8)
нояб. 28, 2021 6:31:07 PM org.flywaydb.core.internal.command.DbClean cleanSchema
INFO: Successfully cleaned schema "public" (execution time 00:00.039s)
нояб. 28, 2021 6:31:07 PM org.flywaydb.core.internal.command.DbValidate validate
INFO: Successfully validated 2 migrations (execution time 00:00.005s)
нояб. 28, 2021 6:31:07 PM org.flywaydb.core.internal.schemahistory.JdbcTableSchemaHistory create
INFO: Creating Schema History table "public"."flyway_schema_history" ...
нояб. 28, 2021 6:31:07 PM org.flywaydb.core.internal.command.DbMigrate migrateGroup
INFO: Current version of schema "public": << Empty Schema >>
нояб. 28, 2021 6:31:07 PM org.flywaydb.core.internal.command.DbMigrate doMigrateGroup
INFO: Migrating schema "public" to version 2021.11.07.12.10 - CreateDB Schema
нояб. 28, 2021 6:31:07 PM org.flywaydb.core.internal.command.DbMigrate doMigrateGroup
INFO: Migrating schema "public" to version 2021.11.22.21.00 - FillDB
нояб. 28, 2021 6:31:07 PM org.flywaydb.core.internal.command.DbMigrate logSummary
INFO: Successfully applied 2 migrations to schema "public" (execution time 00:00.049s)
нояб. 28, 2021 6:31:07 PM org.flywaydb.core.internal.database.DatabaseFactory createDatabase
INFO: Database: jdbc:postgresql://127.0.0.1:5432/local_db (PostgreSQL 12.8)
нояб. 28, 2021 6:31:07 PM org.flywaydb.core.internal.command.DbClean cleanSchema
INFO: Successfully cleaned schema "public" (execution time 00:00.036s)
нояб. 28, 2021 6:31:07 PM org.flywaydb.core.internal.command.DbValidate validate
INFO: Successfully validated 2 migrations (execution time 00:00.005s)
нояб. 28, 2021 6:31:07 PM org.flywaydb.core.internal.schemahistory.JdbcTableSchemaHistory create
INFO: Creating Schema History table "public"."flyway_schema_history" ...
нояб. 28, 2021 6:31:07 PM org.flywaydb.core.internal.command.DbMigrate migrateGroup
INFO: Current version of schema "public": << Empty Schema >>
нояб. 28, 2021 6:31:07 PM org.flywaydb.core.internal.command.DbMigrate doMigrateGroup
INFO: Migrating schema "public" to version 2021.11.07.12.10 - CreateDB Schema
нояб. 28, 2021 6:31:07 PM org.flywaydb.core.internal.command.DbMigrate doMigrateGroup
INFO: Migrating schema "public" to version 2021.11.22.21.00 - FillDB
нояб. 28, 2021 6:31:07 PM org.flywaydb.core.internal.command.DbMigrate logSummary
INFO: Successfully applied 2 migrations to schema "public" (execution time 00:00.043s)
нояб. 28, 2021 6:31:08 PM org.flywaydb.core.internal.database.DatabaseFactory createDatabase
INFO: Database: jdbc:postgresql://127.0.0.1:5432/local_db (PostgreSQL 12.8)
нояб. 28, 2021 6:31:08 PM org.flywaydb.core.internal.command.DbClean cleanSchema
INFO: Successfully cleaned schema "public" (execution time 00:00.036s)
нояб. 28, 2021 6:31:08 PM org.flywaydb.core.internal.command.DbValidate validate
INFO: Successfully validated 2 migrations (execution time 00:00.004s)
нояб. 28, 2021 6:31:08 PM org.flywaydb.core.internal.schemahistory.JdbcTableSchemaHistory create
INFO: Creating Schema History table "public"."flyway_schema_history" ...
нояб. 28, 2021 6:31:08 PM org.flywaydb.core.internal.command.DbMigrate migrateGroup
INFO: Current version of schema "public": << Empty Schema >>
нояб. 28, 2021 6:31:08 PM org.flywaydb.core.internal.command.DbMigrate doMigrateGroup
INFO: Migrating schema "public" to version 2021.11.07.12.10 - CreateDB Schema
нояб. 28, 2021 6:31:08 PM org.flywaydb.core.internal.command.DbMigrate doMigrateGroup
INFO: Migrating schema "public" to version 2021.11.22.21.00 - FillDB
нояб. 28, 2021 6:31:08 PM org.flywaydb.core.internal.command.DbMigrate logSummary
INFO: Successfully applied 2 migrations to schema "public" (execution time 00:00.047s)
нояб. 28, 2021 6:31:08 PM org.flywaydb.core.internal.database.DatabaseFactory createDatabase
INFO: Database: jdbc:postgresql://127.0.0.1:5432/local_db (PostgreSQL 12.8)
нояб. 28, 2021 6:31:08 PM org.flywaydb.core.internal.command.DbClean cleanSchema
INFO: Successfully cleaned schema "public" (execution time 00:00.039s)
нояб. 28, 2021 6:31:08 PM org.flywaydb.core.internal.command.DbValidate validate
INFO: Successfully validated 2 migrations (execution time 00:00.005s)
нояб. 28, 2021 6:31:08 PM org.flywaydb.core.internal.schemahistory.JdbcTableSchemaHistory create
INFO: Creating Schema History table "public"."flyway_schema_history" ...
нояб. 28, 2021 6:31:08 PM org.flywaydb.core.internal.command.DbMigrate migrateGroup
INFO: Current version of schema "public": << Empty Schema >>
нояб. 28, 2021 6:31:08 PM org.flywaydb.core.internal.command.DbMigrate doMigrateGroup
INFO: Migrating schema "public" to version 2021.11.07.12.10 - CreateDB Schema
нояб. 28, 2021 6:31:08 PM org.flywaydb.core.internal.command.DbMigrate doMigrateGroup
INFO: Migrating schema "public" to version 2021.11.22.21.00 - FillDB
нояб. 28, 2021 6:31:08 PM org.flywaydb.core.internal.command.DbMigrate logSummary
INFO: Successfully applied 2 migrations to schema "public" (execution time 00:00.045s)
нояб. 28, 2021 6:31:08 PM org.flywaydb.core.internal.database.DatabaseFactory createDatabase
INFO: Database: jdbc:postgresql://127.0.0.1:5432/local_db (PostgreSQL 12.8)
нояб. 28, 2021 6:31:08 PM org.flywaydb.core.internal.command.DbClean cleanSchema
INFO: Successfully cleaned schema "public" (execution time 00:00.034s)
нояб. 28, 2021 6:31:09 PM org.flywaydb.core.internal.command.DbValidate validate
INFO: Successfully validated 2 migrations (execution time 00:00.005s)
нояб. 28, 2021 6:31:09 PM org.flywaydb.core.internal.schemahistory.JdbcTableSchemaHistory create
INFO: Creating Schema History table "public"."flyway_schema_history" ...
нояб. 28, 2021 6:31:09 PM org.flywaydb.core.internal.command.DbMigrate migrateGroup
INFO: Current version of schema "public": << Empty Schema >>
нояб. 28, 2021 6:31:09 PM org.flywaydb.core.internal.command.DbMigrate doMigrateGroup
INFO: Migrating schema "public" to version 2021.11.07.12.10 - CreateDB Schema
нояб. 28, 2021 6:31:09 PM org.flywaydb.core.internal.command.DbMigrate doMigrateGroup
INFO: Migrating schema "public" to version 2021.11.22.21.00 - FillDB
нояб. 28, 2021 6:31:09 PM org.flywaydb.core.internal.command.DbMigrate logSummary
INFO: Successfully applied 2 migrations to schema "public" (execution time 00:00.045s)
]]></system-err>
</testsuite>
